[2026-07-04T16:27:38.028Z] PHASE1 OK 113年 - 營造業甲種職業安全衛生業務主管題庫電子檔113年版.pdf 1401-1447#123186 -> 47 題
[2026-07-04T16:27:38.922Z] PHASE1 OK 113年 - 營造業甲種職業安全衛生業務主管題庫電子檔113年版.pdf 1351-1400#123185 -> 50 題
[2026-07-04T16:27:39.851Z] PHASE1 OK 113年 - 營造業甲種職業安全衛生業務主管題庫電子檔113年版.pdf 1301-1350#123184 -> 50 題
[2026-07-04T16:27:40.739Z] PHASE1 OK 113年 - 營造業甲種職業安全衛生業務主管題庫電子檔113年版.pdf 1251-1300#123183 -> 50 題
[2026-07-04T16:27:41.612Z] PHASE1 OK 113年 - 營造業甲種職業安全衛生業務主管題庫電子檔113年版.pdf 1201-1250#123182 -> 50 題
[2026-07-04T16:27:42.484Z] PHASE1 OK 113年 - 營造業甲種職業安全衛生業務主管題庫電子檔113年版.pdf 1151-1200#123181 -> 50 題
[2026-07-04T16:27:43.377Z] PHASE1 OK 113年 - 營造業甲種職業安全衛生業務主管題庫電子檔113年版.pdf 1101-1150#123180 -> 50 題
[2026-07-04T16:27:44.250Z] PHASE1 OK 113年 - 營造業甲種職業安全衛生業務主管題庫電子檔113年版.pdf 1051-1100#123179 -> 50 題
[2026-07-04T16:27:45.159Z] PHASE1 OK 113年 - 營造業甲種職業安全衛生業務主管題庫電子檔113年版.pdf 1001-1050#123178 -> 50 題
[2026-07-04T16:27:46.026Z] PHASE1 OK 113年 - 營造業甲種職業安全衛生業務主管題庫電子檔113年版.pdf 1-50#123177 -> 50 題
[2026-07-04T16:27:46.892Z] PHASE1 OK 113年 - 營造業甲種職業安全衛生業務主管題庫電子檔113年版.pdf 951-1000#123176 -> 50 題
[2026-07-04T16:27:47.791Z] PHASE1 OK 113年 - 營造業甲種職業安全衛生業務主管題庫電子檔113年版.pdf 901-950#123175 -> 50 題
[2026-07-04T16:27:48.704Z] PHASE1 OK 113年 - 營造業甲種職業安全衛生業務主管題庫電子檔113年版.pdf 851-900#123174 -> 50 題
[2026-07-04T16:27:49.911Z] PHASE1 OK 113年 - 營造業甲種職業安全衛生業務主管題庫電子檔113年版.pdf 801-850#123173 -> 50 題
[2026-07-04T16:27:50.795Z] PHASE1 OK 113年 - 營造業甲種職業安全衛生業務主管題庫電子檔113年版.pdf 751-800#123172 -> 50 題
[2026-07-04T16:27:51.852Z] PHASE1 OK 113年 - 營造業甲種職業安全衛生業務主管題庫電子檔113年版.pdf 701-750#123171 -> 50 題
[2026-07-04T16:27:52.737Z] PHASE1 OK 113年 - 營造業甲種職業安全衛生業務主管題庫電子檔113年版.pdf 651-700#123170 -> 50 題
[2026-07-04T16:27:53.650Z] PHASE1 OK 113年 - 營造業甲種職業安全衛生業務主管題庫電子檔113年版.pdf 601-650#123168 -> 50 題
[2026-07-04T16:27:54.598Z] PHASE1 OK 113年 - 營造業甲種職業安全衛生業務主管題庫電子檔113年版.pdf 551-600#123167 -> 50 題
[2026-07-04T16:27:55.571Z] PHASE1 OK 113年 - 營造業甲種職業安全衛生業務主管題庫電子檔113年版.pdf 501-550#123166 -> 50 題
[2026-07-04T16:27:56.444Z] PHASE1 OK 113年 - 營造業甲種職業安全衛生業務主管題庫電子檔113年版.pdf 451-500#123165 -> 50 題
[2026-07-04T16:27:57.336Z] PHASE1 OK 113年 - 營造業甲種職業安全衛生業務主管題庫電子檔113年版.pdf 401-450#123164 -> 50 題
[2026-07-04T16:27:58.191Z] PHASE1 OK 113年 - 營造業甲種職業安全衛生業務主管題庫電子檔113年版.pdf 351-400#123163 -> 50 題
[2026-07-04T16:27:59.172Z] PHASE1 OK 113年 - 營造業甲種職業安全衛生業務主管題庫電子檔113年版.pdf 301-350#123162 -> 50 題
[2026-07-04T16:28:00.076Z] PHASE1 OK 113年 - 營造業甲種職業安全衛生業務主管題庫電子檔113年版.pdf 251-300#123161 -> 50 題
[2026-07-04T16:28:00.978Z] PHASE1 OK 113年 - 營造業甲種職業安全衛生業務主管題庫電子檔113年版.pdf 201-250#123160 -> 50 題
[2026-07-04T16:28:01.843Z] PHASE1 OK 113年 - 營造業甲種職業安全衛生業務主管題庫電子檔113年版.pdf 151-200#123159 -> 50 題
[2026-07-04T16:28:02.722Z] PHASE1 OK 113年 - 營造業甲種職業安全衛生業務主管題庫電子檔113年版.pdf 101-150#123158 -> 50 題
[2026-07-04T16:28:03.642Z] PHASE1 OK 113年 - 營造業甲種職業安全衛生業務主管題庫電子檔113年版.pdf 51-100#123154 -> 50 題
[2026-07-04T16:28:04.515Z] PHASE1 OK 112年 - 營造業甲種衛生管理主管251-299#120555 -> 49 題
[2026-07-04T16:28:05.480Z] PHASE1 OK 112年 - 營造業甲種衛生管理主管201-250#120554 -> 50 題
[2026-07-04T16:28:06.333Z] PHASE1 OK 112年 - 營造業甲種衛生管理主管151-200#120553 -> 50 題
[2026-07-04T16:28:07.315Z] PHASE1 OK 112年 - 營造業甲種衛生管理主管1-50#120552 -> 50 題
[2026-07-04T16:28:09.368Z] PHASE1 OK 112年 - 營造業甲種衛生管理主管101-150#120551 -> 50 題
[2026-07-04T16:28:10.342Z] PHASE1 OK 112年 - 營造業甲種衛生管理主管51-100#120550 -> 50 題
[2026-07-04T16:28:11.235Z] PHASE1 OK 110年 - 營造業甲種職業安全衛生業務主管_參考題型251-300#103749 -> 50 題
[2026-07-04T16:28:12.134Z] PHASE1 OK 110年 - 營造業甲種職業安全衛生業務主管_參考題型301-350#103742 -> 50 題
[2026-07-04T16:28:13.078Z] PHASE1 OK 110年 - 營造業甲種職業安全衛生業務主管_參考題型351-400#103741 -> 50 題
[2026-07-04T16:28:13.935Z] PHASE1 OK 110年 - 營造業甲種職業安全衛生業務主管_參考題型401-437#103739 -> 37 題
[2026-07-04T16:28:14.801Z] PHASE1 OK 110年 - 營造業甲種職業安全衛生業務主管_參考題型201-250#103738 -> 50 題
[2026-07-04T16:28:15.743Z] PHASE1 OK 110年 - 營造業甲種職業安全衛生業務主管_參考題型151-200#103737 -> 50 題
[2026-07-04T16:28:16.650Z] PHASE1 OK 110年 - 營造業甲種職業安全衛生業務主管_參考題型101-150#103735 -> 49 題
[2026-07-04T16:28:17.674Z] PHASE1 OK 110年 - 營造業甲種職業安全衛生業務主管_參考題型51-100#103734 -> 50 題
[2026-07-04T16:28:18.587Z] PHASE1 OK 110年 - 營造業甲種職業安全衛生業務主管_參考題型1-50#103732 -> 50 題
[2026-07-04T16:28:19.200Z] HARVEST DONE
[2026-07-04T16:29:58.637Z] PHASE2 去重後共 1781 題
[2026-07-04T16:30:11.072Z] PHASE2 進度 20 次抓取 / 1781 題
[2026-07-04T16:30:23.530Z] PHASE2 進度 40 次抓取 / 1781 題
[2026-07-04T16:30:36.839Z] PHASE2 進度 60 次抓取 / 1781 題
[2026-07-04T16:30:49.373Z] PHASE2 進度 80 次抓取 / 1781 題
[2026-07-04T16:31:01.705Z] PHASE2 進度 100 次抓取 / 1781 題
[2026-07-04T16:31:14.091Z] PHASE2 進度 120 次抓取 / 1781 題
[2026-07-04T16:31:26.728Z] PHASE2 進度 140 次抓取 / 1781 題
[2026-07-04T16:31:39.150Z] PHASE2 進度 160 次抓取 / 1781 題
[2026-07-04T16:31:51.630Z] PHASE2 進度 180 次抓取 / 1781 題
[2026-07-04T16:32:04.093Z] PHASE2 進度 200 次抓取 / 1781 題
[2026-07-04T16:32:16.686Z] PHASE2 進度 220 次抓取 / 1781 題
[2026-07-04T16:32:29.094Z] PHASE2 進度 240 次抓取 / 1781 題
[2026-07-04T16:32:41.639Z] PHASE2 進度 260 次抓取 / 1781 題
[2026-07-04T16:32:53.998Z] PHASE2 進度 280 次抓取 / 1781 題
[2026-07-04T16:33:06.437Z] PHASE2 進度 300 次抓取 / 1781 題
[2026-07-04T16:33:19.184Z] PHASE2 進度 320 次抓取 / 1781 題
[2026-07-04T16:33:31.528Z] PHASE2 進度 340 次抓取 / 1781 題
[2026-07-04T16:33:43.952Z] PHASE2 進度 360 次抓取 / 1781 題
[2026-07-04T16:33:56.518Z] PHASE2 進度 380 次抓取 / 1781 題
[2026-07-04T16:34:09.289Z] PHASE2 進度 400 次抓取 / 1781 題
[2026-07-04T16:34:21.471Z] PHASE2 進度 420 次抓取 / 1781 題
[2026-07-04T16:34:33.856Z] PHASE2 進度 440 次抓取 / 1781 題
[2026-07-04T16:34:46.757Z] PHASE2 進度 460 次抓取 / 1781 題
[2026-07-04T16:34:59.739Z] PHASE2 進度 480 次抓取 / 1781 題
[2026-07-04T16:35:12.535Z] PHASE2 進度 500 次抓取 / 1781 題
[2026-07-04T16:35:25.071Z] PHASE2 進度 520 次抓取 / 1781 題
[2026-07-04T16:35:37.814Z] PHASE2 進度 540 次抓取 / 1781 題
[2026-07-04T16:35:50.033Z] PHASE2 進度 560 次抓取 / 1781 題
[2026-07-04T16:36:02.457Z] PHASE2 進度 580 次抓取 / 1781 題
[2026-07-04T16:36:14.773Z] PHASE2 進度 600 次抓取 / 1781 題
[2026-07-04T16:36:27.066Z] PHASE2 進度 620 次抓取 / 1781 題
[2026-07-04T16:36:39.656Z] PHASE2 進度 640 次抓取 / 1781 題
[2026-07-04T16:36:51.844Z] PHASE2 進度 660 次抓取 / 1781 題
[2026-07-04T16:37:04.235Z] PHASE2 進度 680 次抓取 / 1781 題
[2026-07-04T16:37:16.690Z] PHASE2 進度 700 次抓取 / 1781 題
[2026-07-04T16:37:29.078Z] PHASE2 進度 720 次抓取 / 1781 題
[2026-07-04T16:37:41.546Z] PHASE2 進度 740 次抓取 / 1781 題
[2026-07-04T16:37:54.036Z] PHASE2 進度 760 次抓取 / 1781 題
[2026-07-04T16:38:06.556Z] PHASE2 進度 780 次抓取 / 1781 題
[2026-07-04T16:38:18.951Z] PHASE2 進度 800 次抓取 / 1781 題
[2026-07-04T16:38:33.077Z] PHASE2 進度 820 次抓取 / 1781 題
[2026-07-04T16:38:45.388Z] PHASE2 進度 840 次抓取 / 1781 題
[2026-07-04T16:38:57.801Z] PHASE2 進度 860 次抓取 / 1781 題
[2026-07-04T16:39:10.077Z] PHASE2 進度 880 次抓取 / 1781 題
[2026-07-04T16:39:22.730Z] PHASE2 進度 900 次抓取 / 1781 題
[2026-07-04T16:39:35.514Z] PHASE2 進度 920 次抓取 / 1781 題
[2026-07-04T16:39:48.033Z] PHASE2 進度 940 次抓取 / 1781 題
[2026-07-04T16:40:00.078Z] PHASE2 進度 960 次抓取 / 1781 題
[2026-07-04T16:40:12.419Z] PHASE2 進度 980 次抓取 / 1781 題
[2026-07-04T16:40:24.875Z] PHASE2 進度 1000 次抓取 / 1781 題
[2026-07-04T16:40:37.285Z] PHASE2 進度 1020 次抓取 / 1781 題
[2026-07-04T16:40:49.465Z] PHASE2 進度 1040 次抓取 / 1781 題
[2026-07-04T16:41:01.789Z] PHASE2 進度 1060 次抓取 / 1781 題
[2026-07-04T16:41:14.326Z] PHASE2 進度 1080 次抓取 / 1781 題
[2026-07-04T16:41:26.656Z] PHASE2 進度 1100 次抓取 / 1781 題
[2026-07-04T16:41:39.289Z] PHASE2 進度 1120 次抓取 / 1781 題
[2026-07-04T16:41:51.668Z] PHASE2 進度 1140 次抓取 / 1781 題
[2026-07-04T16:42:04.059Z] PHASE2 進度 1160 次抓取 / 1781 題
[2026-07-04T16:42:16.803Z] PHASE2 進度 1180 次抓取 / 1781 題
[2026-07-04T16:42:29.148Z] PHASE2 進度 1200 次抓取 / 1781 題
[2026-07-04T16:42:41.586Z] PHASE2 進度 1220 次抓取 / 1781 題
[2026-07-04T16:42:53.665Z] PHASE2 進度 1240 次抓取 / 1781 題
[2026-07-04T16:43:06.058Z] PHASE2 進度 1260 次抓取 / 1781 題
[2026-07-04T16:43:18.512Z] PHASE2 進度 1280 次抓取 / 1781 題
[2026-07-04T16:43:31.048Z] PHASE2 進度 1300 次抓取 / 1781 題
[2026-07-04T16:43:43.272Z] PHASE2 進度 1320 次抓取 / 1781 題
[2026-07-04T16:43:56.055Z] PHASE2 進度 1340 次抓取 / 1781 題
[2026-07-04T16:44:08.473Z] PHASE2 進度 1360 次抓取 / 1781 題
[2026-07-04T16:44:20.822Z] PHASE2 進度 1380 次抓取 / 1781 題
[2026-07-04T16:44:33.558Z] PHASE2 進度 1400 次抓取 / 1781 題
[2026-07-04T16:44:46.065Z] PHASE2 進度 1420 次抓取 / 1781 題
[2026-07-04T16:44:58.388Z] PHASE2 進度 1440 次抓取 / 1781 題
[2026-07-04T16:45:11.035Z] PHASE2 進度 1460 次抓取 / 1781 題
[2026-07-04T16:45:23.294Z] PHASE2 進度 1480 次抓取 / 1781 題
[2026-07-04T16:45:35.676Z] PHASE2 進度 1500 次抓取 / 1781 題
[2026-07-04T16:45:48.192Z] PHASE2 進度 1520 次抓取 / 1781 題
[2026-07-04T16:46:00.765Z] PHASE2 進度 1540 次抓取 / 1781 題
[2026-07-04T16:46:13.210Z] PHASE2 進度 1560 次抓取 / 1781 題
[2026-07-04T16:46:28.587Z] PHASE2 進度 1580 次抓取 / 1781 題
[2026-07-04T16:46:40.838Z] PHASE2 進度 1600 次抓取 / 1781 題
[2026-07-04T16:46:56.831Z] PHASE2 進度 1620 次抓取 / 1781 題
[2026-07-04T16:47:15.768Z] PHASE2 進度 1640 次抓取 / 1781 題
[2026-07-04T16:47:32.779Z] PHASE2 進度 1660 次抓取 / 1781 題
[2026-07-04T16:47:49.298Z] PHASE2 進度 1680 次抓取 / 1781 題
[2026-07-04T16:48:07.060Z] PHASE2 進度 1700 次抓取 / 1781 題
[2026-07-04T16:48:25.301Z] PHASE2 進度 1720 次抓取 / 1781 題
[2026-07-04T16:48:41.409Z] PHASE2 進度 1740 次抓取 / 1781 題
[2026-07-04T16:48:57.784Z] PHASE2 進度 1760 次抓取 / 1781 題
[2026-07-04T16:49:15.054Z] PHASE2 進度 1780 次抓取 / 1781 題
[2026-07-04T16:49:16.081Z] PHASE2 完成，共 1781 題
[2026-07-04T16:49:16.082Z] HARVEST DONE
[2026-07-04T16:49:19.013Z] PHASE2 去重後共 1781 題
[2026-07-04T16:49:19.055Z] PHASE2 完成，共 1781 題
[2026-07-04T16:49:19.056Z] HARVEST DONE
